<?xml version="1.0" encoding="UTF-8"?>
<!-- Generated by org.testng.reporters.JUnitReportReporter -->
<testsuite hostname="DESKTOP-F48LRL5" failures="0" tests="1" name="com.effort.nxt.test.works.AddWorkProcessTest" time="1.149" errors="0" timestamp="2023-04-13T21:44:26 IST" skipped="0">
  <testcase classname="com.effort.nxt.test.works.AddWorkProcessTest" name="AddWork" time="1.149"/>
  <system-out/>
</testsuite> <!-- com.effort.nxt.test.works.AddWorkProcessTest -->
