<?xml version="1.0" encoding="UTF-8"?>
<!-- Generated by org.testng.reporters.JUnitReportReporter -->
<testsuite hostname="DESKTOP-F48LRL5" failures="0" tests="4" name="com.effort.test.forms.FormsTest" time="127.987" errors="0" timestamp="2023-04-13T21:44:25 IST" skipped="0">
  <testcase classname="com.effort.test.forms.FormsTest" name="formSpecCreation" time="107.109"/>
  <system-out/>
  <testcase classname="com.effort.test.forms.FormsTest" name="formSpecValidation" time="3.216"/>
  <system-out/>
  <testcase classname="com.effort.test.forms.FormsTest" name="formSpecModification" time="11.859"/>
  <system-out/>
  <testcase classname="com.effort.test.forms.FormsTest" name="formSpecWithDrawn" time="5.803"/>
  <system-out/>
</testsuite> <!-- com.effort.test.forms.FormsTest -->
