<?xml version="1.0" encoding="UTF-8"?>
<!-- Generated by org.testng.reporters.JUnitReportReporter -->
<testsuite hostname="DESKTOP-F48LRL5" failures="0" tests="4" name="com.effort.nxt.test.WorkProcessCreationTest" time="73.461" errors="0" timestamp="2023-02-03T12:56:50 IST" skipped="0">
  <testcase classname="com.effort.nxt.test.WorkProcessCreationTest" name="logIn" time="10.164"/>
  <system-out/>
  <testcase classname="com.effort.nxt.test.WorkProcessCreationTest" name="workSpecCreation" time="56.656"/>
  <system-out/>
  <testcase classname="com.effort.nxt.test.WorkProcessCreationTest" name="validateCreateProcess" time="6.632"/>
  <system-out/>
  <testcase classname="com.effort.nxt.test.WorkProcessCreationTest" name="AddCreateWork" time="0.009"/>
  <system-out/>
</testsuite> <!-- com.effort.nxt.test.WorkProcessCreationTest -->
