<?xml version="1.0" encoding="UTF-8"?>
<!-- Generated by org.testng.reporters.JUnitReportReporter -->
<testsuite hostname="DESKTOP-F48LRL5" failures="0" tests="4" name="com.effort.nxt.test.works.WorkProcessCreationTest" time="72.186" errors="0" timestamp="2023-04-13T21:44:26 IST" skipped="0">
  <testcase classname="com.effort.nxt.test.works.WorkProcessCreationTest" name="workSpecCreation" time="62.018"/>
  <system-out/>
  <testcase classname="com.effort.nxt.test.works.WorkProcessCreationTest" name="validationWorkSpec" time="0.068"/>
  <system-out/>
  <testcase classname="com.effort.nxt.test.works.WorkProcessCreationTest" name="modificationWorkSpec" time="8.196"/>
  <system-out/>
  <testcase classname="com.effort.nxt.test.works.WorkProcessCreationTest" name="withDrawWorkSpec" time="1.904"/>
  <system-out/>
</testsuite> <!-- com.effort.nxt.test.works.WorkProcessCreationTest -->
