<?xml version="1.0" encoding="UTF-8"?>
<!-- Generated by org.testng.reporters.JUnitReportReporter -->
<testsuite hostname="DESKTOP-F48LRL5" failures="0" tests="1" name="com.effort.nxt.test.LoginTest" time="10.237" errors="0" timestamp="2023-04-13T21:44:26 IST" skipped="0">
  <testcase classname="com.effort.nxt.test.LoginTest" name="logIn" time="10.237"/>
  <system-out/>
</testsuite> <!-- com.effort.nxt.test.LoginTest -->
