<?xml version="1.0" encoding="UTF-8"?>
<!-- Generated by org.testng.reporters.JUnitReportReporter -->
<testsuite hostname="DESKTOP-F48LRL5" failures="0" tests="1" name="com.effort.test.forms.FormSubmissionTest" time="31.034" errors="0" timestamp="2023-03-10T19:36:28 IST" skipped="0">
  <testcase classname="com.effort.test.forms.FormSubmissionTest" name="submitForm" time="31.034"/>
  <system-out/>
</testsuite> <!-- com.effort.test.forms.FormSubmissionTest -->
