<?xml version="1.0" encoding="UTF-8"?>
<!-- Generated by org.testng.reporters.JUnitReportReporter -->
<testsuite hostname="DESKTOP-F48LRL5" failures="0" tests="2" name="com.effort.test.forms.FormsTest" time="136.781" errors="0" timestamp="2023-03-10T19:36:28 IST" skipped="0">
  <testcase classname="com.effort.test.forms.FormsTest" name="formSpecCreation" time="108.252"/>
  <system-out/>
  <testcase classname="com.effort.test.forms.FormsTest" name="validateFromSpec_In_WebApp" time="28.529"/>
  <system-out/>
</testsuite> <!-- com.effort.test.forms.FormsTest -->
