<?xml version="1.0" encoding="UTF-8"?>
<!-- Generated by org.testng.reporters.JUnitReportReporter -->
<testsuite hostname="DESKTOP-F48LRL5" failures="0" tests="3" name="com.effort.nxt.test.works.WorkProcessCreationTest" time="62.218" errors="0" timestamp="2023-03-10T19:36:28 IST" skipped="0">
  <testcase classname="com.effort.nxt.test.works.WorkProcessCreationTest" name="workSpecCreation" time="55.059"/>
  <system-out/>
  <testcase classname="com.effort.nxt.test.works.WorkProcessCreationTest" name="validateWorkSpec_In_Web" time="7.155"/>
  <system-out/>
  <testcase classname="com.effort.nxt.test.works.WorkProcessCreationTest" name="AddWork" time="0.004"/>
  <system-out/>
</testsuite> <!-- com.effort.nxt.test.works.WorkProcessCreationTest -->
